<?xml version="1.0" encoding="UTF-8"?>
<testng-results skipped="0" failed="2" ignored="0" total="11" passed="9">
  <reporter-output>
  </reporter-output>
  <suite name="Suite" duration-ms="359163" started-at="2022-06-05T22:17:17 IST" finished-at="2022-06-05T22:23:16 IST">
    <groups>
    </groups>
    <test name="Test" duration-ms="359163" started-at="2022-06-05T22:17:17 IST" finished-at="2022-06-05T22:23:16 IST">
      <class name="com.mindtree.runner.NoBroker">
        <test-method status="PASS" signature="homePageLanding()[pri:1, instance:com.mindtree.runner.NoBroker@306279ee]" name="homePageLanding" duration-ms="13015" started-at="2022-06-05T22:17:17 IST" finished-at="2022-06-05T22:17:30 IST">
          <reporter-output>
          </reporter-output>
        </test-method> <!-- homePageLanding -->
        <test-method status="PASS" signature="BuyingProperty()[pri:2, instance:com.mindtree.runner.NoBroker@306279ee]" name="BuyingProperty" duration-ms="21003" started-at="2022-06-05T22:17:31 IST" finished-at="2022-06-05T22:17:52 IST">
          <reporter-output>
          </reporter-output>
        </test-method> <!-- BuyingProperty -->
        <test-method status="PASS" signature="RentalProperty()[pri:3, instance:com.mindtree.runner.NoBroker@306279ee]" name="RentalProperty" duration-ms="20807" started-at="2022-06-05T22:17:52 IST" finished-at="2022-06-05T22:18:13 IST">
          <reporter-output>
          </reporter-output>
        </test-method> <!-- RentalProperty -->
        <test-method status="FAIL" signature="CommercialProperty()[pri:4, instance:com.mindtree.runner.NoBroker@306279ee]" name="CommercialProperty" duration-ms="40580" started-at="2022-06-05T22:20:57 IST" finished-at="2022-06-05T22:21:38 IST">
          <exception class="java.lang.NullPointerException">
            <full-stacktrace>
              <![CDATA[java.lang.NullPointerException
at com.mindtree.utility.RetreiveExcelData.getData(RetreiveExcelData.java:75)
at com.mindtree.runner.NoBroker.CommercialProperty(NoBroker.java:105)
at sun.reflect.NativeMethodAccessorImpl.invoke0(Native Method)
at sun.reflect.NativeMethodAccessorImpl.invoke(NativeMethodAccessorImpl.java:62)
at sun.reflect.DelegatingMethodAccessorImpl.invoke(DelegatingMethodAccessorImpl.java:43)
at java.lang.reflect.Method.invoke(Method.java:498)
at org.testng.internal.MethodInvocationHelper.invokeMethod(MethodInvocationHelper.java:133)
at org.testng.internal.TestInvoker.invokeMethod(TestInvoker.java:598)
at org.testng.internal.TestInvoker.invokeTestMethod(TestInvoker.java:173)
at org.testng.internal.MethodRunner.runInSequence(MethodRunner.java:46)
at org.testng.internal.TestInvoker$MethodInvocationAgent.invoke(TestInvoker.java:824)
at org.testng.internal.TestInvoker.invokeTestMethods(TestInvoker.java:146)
at org.testng.internal.TestMethodWorker.invokeTestMethods(TestMethodWorker.java:146)
at org.testng.internal.TestMethodWorker.run(TestMethodWorker.java:128)
at java.util.ArrayList.forEach(ArrayList.java:1259)
at org.testng.TestRunner.privateRun(TestRunner.java:794)
at org.testng.TestRunner.run(TestRunner.java:596)
at org.testng.SuiteRunner.runTest(SuiteRunner.java:377)
at org.testng.SuiteRunner.runSequentially(SuiteRunner.java:371)
at org.testng.SuiteRunner.privateRun(SuiteRunner.java:332)
at org.testng.SuiteRunner.run(SuiteRunner.java:276)
at org.testng.SuiteRunnerWorker.runSuite(SuiteRunnerWorker.java:53)
at org.testng.SuiteRunnerWorker.run(SuiteRunnerWorker.java:96)
at org.testng.TestNG.runSuitesSequentially(TestNG.java:1212)
at org.testng.TestNG.runSuitesLocally(TestNG.java:1134)
at org.testng.TestNG.runSuites(TestNG.java:1063)
at org.testng.TestNG.run(TestNG.java:1031)
at org.testng.remote.AbstractRemoteTestNG.run(AbstractRemoteTestNG.java:115)
at org.testng.remote.RemoteTestNG.initAndRun(RemoteTestNG.java:251)
at org.testng.remote.RemoteTestNG.main(RemoteTestNG.java:77)
]]>
            </full-stacktrace>
          </exception> <!-- java.lang.NullPointerException -->
          <reporter-output>
          </reporter-output>
        </test-method> <!-- CommercialProperty -->
        <test-method status="PASS" signature="Painting_Cleaning()[pri:5, instance:com.mindtree.runner.NoBroker@306279ee]" name="Painting_Cleaning" duration-ms="14048" started-at="2022-06-05T22:21:38 IST" finished-at="2022-06-05T22:21:52 IST">
          <reporter-output>
          </reporter-output>
        </test-method> <!-- Painting_Cleaning -->
        <test-method status="FAIL" signature="AvoidBroker()[pri:6, instance:com.mindtree.runner.NoBroker@306279ee]" name="AvoidBroker" duration-ms="9091" started-at="2022-06-05T22:21:53 IST" finished-at="2022-06-05T22:22:02 IST">
          <exception class="org.openqa.selenium.NoSuchElementException">
            <message>
              <![CDATA[no such element: Unable to locate element: {"method":"css selector","selector":".heading\-5"}
  (Session info: chrome=102.0.5005.63)
For documentation on this error, please visit: http://seleniumhq.org/exceptions/no_such_element.html
Build info: version: '3.141.5', revision: 'd54ebd709a', time: '2018-11-06T11:42:16'
System info: host: 'DESKTOP-I53I0DN', ip: '192.168.29.15', os.name: 'Windows 10', os.arch: 'amd64', os.version: '10.0', java.version: '1.8.0_301'
Driver info: org.openqa.selenium.chrome.ChromeDriver
Capabilities {acceptInsecureCerts: false, browserName: chrome, browserVersion: 102.0.5005.63, chrome: {chromedriverVersion: 101.0.4951.41 (93c720db8323..., userDataDir: C:\Users\user\AppData\Local...}, goog:chromeOptions: {debuggerAddress: localhost:3246}, javascriptEnabled: true, networkConnectionEnabled: false, pageLoadStrategy: normal, platform: WINDOWS, platformName: WINDOWS, proxy: Proxy(), setWindowRect: true, strictFileInteractability: false, timeouts: {implicit: 0, pageLoad: 300000, script: 30000}, unhandledPromptBehavior: dismiss and notify, webauthn:extension:credBlob: true, webauthn:extension:largeBlob: true, webauthn:virtualAuthenticators: true}
Session ID: 872a1ff4eee9fdbd9cfdda3c4a8ba10b
*** Element info: {Using=class name, value=heading-5}]]>
            </message>
            <full-stacktrace>
              <![CDATA[org.openqa.selenium.NoSuchElementException: no such element: Unable to locate element: {"method":"css selector","selector":".heading\-5"}
  (Session info: chrome=102.0.5005.63)
For documentation on this error, please visit: http://seleniumhq.org/exceptions/no_such_element.html
Build info: version: '3.141.5', revision: 'd54ebd709a', time: '2018-11-06T11:42:16'
System info: host: 'DESKTOP-I53I0DN', ip: '192.168.29.15', os.name: 'Windows 10', os.arch: 'amd64', os.version: '10.0', java.version: '1.8.0_301'
Driver info: org.openqa.selenium.chrome.ChromeDriver
Capabilities {acceptInsecureCerts: false, browserName: chrome, browserVersion: 102.0.5005.63, chrome: {chromedriverVersion: 101.0.4951.41 (93c720db8323..., userDataDir: C:\Users\user\AppData\Local...}, goog:chromeOptions: {debuggerAddress: localhost:3246}, javascriptEnabled: true, networkConnectionEnabled: false, pageLoadStrategy: normal, platform: WINDOWS, platformName: WINDOWS, proxy: Proxy(), setWindowRect: true, strictFileInteractability: false, timeouts: {implicit: 0, pageLoad: 300000, script: 30000}, unhandledPromptBehavior: dismiss and notify, webauthn:extension:credBlob: true, webauthn:extension:largeBlob: true, webauthn:virtualAuthenticators: true}
Session ID: 872a1ff4eee9fdbd9cfdda3c4a8ba10b
*** Element info: {Using=class name, value=heading-5}
at sun.reflect.NativeConstructorAccessorImpl.newInstance0(Native Method)
at sun.reflect.NativeConstructorAccessorImpl.newInstance(NativeConstructorAccessorImpl.java:62)
at sun.reflect.DelegatingConstructorAccessorImpl.newInstance(DelegatingConstructorAccessorImpl.java:45)
at java.lang.reflect.Constructor.newInstance(Constructor.java:423)
at org.openqa.selenium.remote.http.W3CHttpResponseCodec.createException(W3CHttpResponseCodec.java:187)
at org.openqa.selenium.remote.http.W3CHttpResponseCodec.decode(W3CHttpResponseCodec.java:122)
at org.openqa.selenium.remote.http.W3CHttpResponseCodec.decode(W3CHttpResponseCodec.java:49)
at org.openqa.selenium.remote.HttpCommandExecutor.execute(HttpCommandExecutor.java:158)
at org.openqa.selenium.remote.service.DriverCommandExecutor.execute(DriverCommandExecutor.java:83)
at org.openqa.selenium.remote.RemoteWebDriver.execute(RemoteWebDriver.java:552)
at org.openqa.selenium.remote.RemoteWebDriver.findElement(RemoteWebDriver.java:323)
at org.openqa.selenium.remote.RemoteWebDriver.findElementByClassName(RemoteWebDriver.java:412)
at org.openqa.selenium.By$ByClassName.findElement(By.java:389)
at org.openqa.selenium.remote.RemoteWebDriver.findElement(RemoteWebDriver.java:315)
at com.mindtree.pageObjects.AvoidBrokerPO.getBroker(AvoidBrokerPO.java:18)
at com.mindtree.runner.NoBroker.AvoidBroker(NoBroker.java:150)
at sun.reflect.NativeMethodAccessorImpl.invoke0(Native Method)
at sun.reflect.NativeMethodAccessorImpl.invoke(NativeMethodAccessorImpl.java:62)
at sun.reflect.DelegatingMethodAccessorImpl.invoke(DelegatingMethodAccessorImpl.java:43)
at java.lang.reflect.Method.invoke(Method.java:498)
at org.testng.internal.MethodInvocationHelper.invokeMethod(MethodInvocationHelper.java:133)
at org.testng.internal.TestInvoker.invokeMethod(TestInvoker.java:598)
at org.testng.internal.TestInvoker.invokeTestMethod(TestInvoker.java:173)
at org.testng.internal.MethodRunner.runInSequence(MethodRunner.java:46)
at org.testng.internal.TestInvoker$MethodInvocationAgent.invoke(TestInvoker.java:824)
at org.testng.internal.TestInvoker.invokeTestMethods(TestInvoker.java:146)
at org.testng.internal.TestMethodWorker.invokeTestMethods(TestMethodWorker.java:146)
at org.testng.internal.TestMethodWorker.run(TestMethodWorker.java:128)
at java.util.ArrayList.forEach(ArrayList.java:1259)
at org.testng.TestRunner.privateRun(TestRunner.java:794)
at org.testng.TestRunner.run(TestRunner.java:596)
at org.testng.SuiteRunner.runTest(SuiteRunner.java:377)
at org.testng.SuiteRunner.runSequentially(SuiteRunner.java:371)
at org.testng.SuiteRunner.privateRun(SuiteRunner.java:332)
at org.testng.SuiteRunner.run(SuiteRunner.java:276)
at org.testng.SuiteRunnerWorker.runSuite(SuiteRunnerWorker.java:53)
at org.testng.SuiteRunnerWorker.run(SuiteRunnerWorker.java:96)
at org.testng.TestNG.runSuitesSequentially(TestNG.java:1212)
at org.testng.TestNG.runSuitesLocally(TestNG.java:1134)
at org.testng.TestNG.runSuites(TestNG.java:1063)
at org.testng.TestNG.run(TestNG.java:1031)
at org.testng.remote.AbstractRemoteTestNG.run(AbstractRemoteTestNG.java:115)
at org.testng.remote.RemoteTestNG.initAndRun(RemoteTestNG.java:251)
at org.testng.remote.RemoteTestNG.main(RemoteTestNG.java:77)
]]>
            </full-stacktrace>
          </exception> <!-- org.openqa.selenium.NoSuchElementException -->
          <reporter-output>
          </reporter-output>
        </test-method> <!-- AvoidBroker -->
        <test-method status="PASS" signature="Careers_Page()[pri:7, instance:com.mindtree.runner.NoBroker@306279ee]" name="Careers_Page" duration-ms="14510" started-at="2022-06-05T22:22:02 IST" finished-at="2022-06-05T22:22:16 IST">
          <reporter-output>
          </reporter-output>
        </test-method> <!-- Careers_Page -->
        <test-method status="PASS" signature="Seller_Plan_Page()[pri:8, instance:com.mindtree.runner.NoBroker@306279ee]" name="Seller_Plan_Page" duration-ms="14525" started-at="2022-06-05T22:22:17 IST" finished-at="2022-06-05T22:22:32 IST">
          <reporter-output>
          </reporter-output>
        </test-method> <!-- Seller_Plan_Page -->
        <test-method status="PASS" signature="Owner_Plan_Page()[pri:9, instance:com.mindtree.runner.NoBroker@306279ee]" name="Owner_Plan_Page" duration-ms="17633" started-at="2022-06-05T22:22:32 IST" finished-at="2022-06-05T22:22:50 IST">
          <reporter-output>
          </reporter-output>
        </test-method> <!-- Owner_Plan_Page -->
        <test-method status="PASS" signature="CorporateInquiry_Home_Services_Page()[pri:10, instance:com.mindtree.runner.NoBroker@306279ee]" name="CorporateInquiry_Home_Services_Page" duration-ms="19409" started-at="2022-06-05T22:22:50 IST" finished-at="2022-06-05T22:23:09 IST">
          <reporter-output>
          </reporter-output>
        </test-method> <!-- CorporateInquiry_Home_Services_Page -->
        <test-method status="PASS" signature="CorporateInquiry_Packers_Movers_Page()[pri:11, instance:com.mindtree.runner.NoBroker@306279ee]" name="CorporateInquiry_Packers_Movers_Page" duration-ms="6121" started-at="2022-06-05T22:23:10 IST" finished-at="2022-06-05T22:23:16 IST">
          <reporter-output>
          </reporter-output>
        </test-method> <!-- CorporateInquiry_Packers_Movers_Page -->
        <test-method status="PASS" signature="closeDriver()[pri:0, instance:com.mindtree.runner.NoBroker@306279ee]" name="closeDriver" is-config="true" duration-ms="119" started-at="2022-06-05T22:23:16 IST" finished-at="2022-06-05T22:23:16 IST">
          <reporter-output>
          </reporter-output>
        </test-method> <!-- closeDriver -->
      </class> <!-- com.mindtree.runner.NoBroker -->
    </test> <!-- Test -->
  </suite> <!-- Suite -->
</testng-results>
